1667562309630	geckodriver	INFO	Listening on 127.0.0.1:34561
1667562309668	mozrunner::runner	INFO	Running command: "/usr/bin/firefox" "--marionette" "--remote-debugging-port" "34117" "--remote-allow-hosts" "localhost" "-no-remote" "-profile" "/tmp/rust_mozprofileDxlEhS"
ATTENTION: default value of option mesa_glthread overridden by environment.
ATTENTION: default value of option mesa_glthread overridden by environment.
ATTENTION: default value of option mesa_glthread overridden by environment.
ATTENTION: default value of option mesa_glthread overridden by environment.
1667562318027	Marionette	INFO	Marionette enabled
console.warn: SearchSettings: "get: No settings file exists, new profile?" (new NotFoundError("Could not open the file at /tmp/rust_mozprofileDxlEhS/search.json.mozlz4", (void 0)))
DevTools listening on ws://localhost:34117/devtools/browser/b5102dd0-46ab-4a63-8f39-b6530b89374e
1667562332146	Marionette	INFO	Listening on port 32239
Read port: 32239
1667562332847	RemoteAgent	WARN	TLS certificate errors will be ignored for this session
JavaScript warning: https://tm.jsuol.com.br/uoltm.js?id=1p0oxf, line 1: unreachable code after return statement
JavaScript error: https://sync.1rx.io/usersync2/rmpssp?sub=taboola&redir=https%3A%2F%2Fsync.taboola.com%2Fsg%unrulyrtbhv-network%2Frtb-h%2F%3Ftaboola_hm%3D%5BRX_UUID%5Dhttps%3A%2F%2Ftrc.taboola.com%2Fsg%2Funrulyrtbhv-network%2F1%2Frtb-h%2F%3Ftaboola_hm%3D%24%7BBUYER_ID%7D, line 1: SyntaxError: illegal character U+0001
JavaScript error: , line 0: TypeError: NetworkError when attempting to fetch resource.
JavaScript error: , line 0: TypeError: NetworkError when attempting to fetch resource.
JavaScript error: , line 0: TypeError: NetworkError when attempting to fetch resource.
JavaScript warning: https://tm.jsuol.com.br/uoltm.js?id=1p0oxf, line 1: unreachable code after return statement
console.warn: LoginRecipes: "getRecipes: falling back to a synchronous message for:" "https://archive.org"
JavaScript warning: https://tm.jsuol.com.br/modules/client-purge.js, line 1: unreachable code after return statement
JavaScript error: https://tm.jsuol.com.br/modules/client-purge.js, line 1: TypeError: window.location.ancestorOrigins is undefined
JavaScript warning: https://tm.jsuol.com.br/modules/client-purge.js, line 1: unreachable code after return statement
JavaScript error: https://tm.jsuol.com.br/modules/client-purge.js, line 1: TypeError: window.location.ancestorOrigins is undefined
ATTENTION: default value of option mesa_glthread overridden by environment.
JavaScript warning: https://pagead2.googlesyndication.com/bg/yBpsGyrbw-0ekNfFbDofVV3UtCeaMQwd_FuZQ5DuPuw.js line 2 > eval line 5383 > eval line 1 > eval line 1 > eval, line 1: WEBGL_debug_renderer_info is deprecated in Firefox and will be removed. Please use RENDERER.
console.warn: LoginRecipes: "getRecipes: falling back to a synchronous message for:" "https://archive.org"
console.warn: LoginRecipes: "getRecipes: falling back to a synchronous message for:" "https://web.archive.org"
JavaScript error: , line 0: TypeError: NetworkError when attempting to fetch resource.
1667562951251	Marionette	INFO	Stopped listening on port 32239
console.warn: TopSitesFeed: Failed to fetch data from Contile server: NetworkError when attempting to fetch resource.
1667906905274	geckodriver	INFO	Listening on 127.0.0.1:51059
1667906905300	mozrunner::runner	INFO	Running command: "/usr/bin/firefox" "--marionette" "--remote-debugging-port" "48979" "--remote-allow-hosts" "localhost" "-no-remote" "-profile" "/tmp/rust_mozprofileT1gYii"
ATTENTION: default value of option mesa_glthread overridden by environment.
ATTENTION: default value of option mesa_glthread overridden by environment.
ATTENTION: default value of option mesa_glthread overridden by environment.
ATTENTION: default value of option mesa_glthread overridden by environment.
1667906912482	Marionette	INFO	Marionette enabled
1667906912496	Marionette	INFO	Listening on port 25599
Read port: 25599
WebDriver BiDi listening on ws://127.0.0.1:48979
Read port: 25599
1667906915241	RemoteAgent	WARN	TLS certificate errors will be ignored for this session
console.warn: SearchSettings: "get: No settings file exists, new profile?" (new NotFoundError("Could not open the file at /tmp/rust_mozprofileT1gYii/search.json.mozlz4", (void 0)))
Missing chrome or resource URL: resource://gre/modules/UpdateListener.sys.mjs
DevTools listening on ws://127.0.0.1:48979/devtools/browser/c7546dbf-965a-4bb0-a648-fcd392239ccc
Missing chrome or resource URL: resource://gre/modules/UpdateListener.sys.mjs
console.error: "Error during quit-application-granted: [Exception... \"File error: Not found\"  nsresult: \"0x80520012 (NS_ERROR_FILE_NOT_FOUND)\"  location: \"JS frame :: resource:///modules/BrowserGlue.jsm :: _onQuitApplicationGranted/tasks< :: line 2009\"  data: no]"
1667906947047	Marionette	INFO	Stopped listening on port 25599
1667906947506	geckodriver::marionette	ERROR	Failed to close browser connection: Socket not connected (os error 107)
[2022-11-08T11:29:08Z ERROR glean_core] Can't persist ping lifetime data: Error { kind: Rkv(IoError(Os { code: 2, kind: NotFound, message: "Arquivo ou diretório inexistente" })) }
