1667562309630	geckodriver	INFO	Listening on 127.0.0.1:34561
1667562309668	mozrunner::runner	INFO	Running command: "/usr/bin/firefox" "--marionette" "--remote-debugging-port" "34117" "--remote-allow-hosts" "localhost" "-no-remote" "-profile" "/tmp/rust_mozprofileDxlEhS"
ATTENTION: default value of option mesa_glthread overridden by environment.
ATTENTION: default value of option mesa_glthread overridden by environment.
ATTENTION: default value of option mesa_glthread overridden by environment.
ATTENTION: default value of option mesa_glthread overridden by environment.
1667562318027	Marionette	INFO	Marionette enabled
console.warn: SearchSettings: "get: No settings file exists, new profile?" (new NotFoundError("Could not open the file at /tmp/rust_mozprofileDxlEhS/search.json.mozlz4", (void 0)))
DevTools listening on ws://localhost:34117/devtools/browser/b5102dd0-46ab-4a63-8f39-b6530b89374e
1667562332146	Marionette	INFO	Listening on port 32239
Read port: 32239
1667562332847	RemoteAgent	WARN	TLS certificate errors will be ignored for this session
JavaScript warning: https://tm.jsuol.com.br/uoltm.js?id=1p0oxf, line 1: unreachable code after return statement
JavaScript error: https://sync.1rx.io/usersync2/rmpssp?sub=taboola&redir=https%3A%2F%2Fsync.taboola.com%2Fsg%unrulyrtbhv-network%2Frtb-h%2F%3Ftaboola_hm%3D%5BRX_UUID%5Dhttps%3A%2F%2Ftrc.taboola.com%2Fsg%2Funrulyrtbhv-network%2F1%2Frtb-h%2F%3Ftaboola_hm%3D%24%7BBUYER_ID%7D, line 1: SyntaxError: illegal character U+0001
JavaScript error: , line 0: TypeError: NetworkError when attempting to fetch resource.
JavaScript error: , line 0: TypeError: NetworkError when attempting to fetch resource.
JavaScript error: , line 0: TypeError: NetworkError when attempting to fetch resource.
JavaScript warning: https://tm.jsuol.com.br/uoltm.js?id=1p0oxf, line 1: unreachable code after return statement
console.warn: LoginRecipes: "getRecipes: falling back to a synchronous message for:" "https://archive.org"
JavaScript warning: https://tm.jsuol.com.br/modules/client-purge.js, line 1: unreachable code after return statement
JavaScript error: https://tm.jsuol.com.br/modules/client-purge.js, line 1: TypeError: window.location.ancestorOrigins is undefined
JavaScript warning: https://tm.jsuol.com.br/modules/client-purge.js, line 1: unreachable code after return statement
JavaScript error: https://tm.jsuol.com.br/modules/client-purge.js, line 1: TypeError: window.location.ancestorOrigins is undefined
ATTENTION: default value of option mesa_glthread overridden by environment.
JavaScript warning: https://pagead2.googlesyndication.com/bg/yBpsGyrbw-0ekNfFbDofVV3UtCeaMQwd_FuZQ5DuPuw.js line 2 > eval line 5383 > eval line 1 > eval line 1 > eval, line 1: WEBGL_debug_renderer_info is deprecated in Firefox and will be removed. Please use RENDERER.
console.warn: LoginRecipes: "getRecipes: falling back to a synchronous message for:" "https://archive.org"
console.warn: LoginRecipes: "getRecipes: falling back to a synchronous message for:" "https://web.archive.org"
JavaScript error: , line 0: TypeError: NetworkError when attempting to fetch resource.
1667562951251	Marionette	INFO	Stopped listening on port 32239
console.warn: TopSitesFeed: Failed to fetch data from Contile server: NetworkError when attempting to fetch resource.
